<?xml version="1.0" encoding="UTF-8"?>
<!-- Generated by org.testng.reporters.JUnitReportReporter -->
<testsuite hostname="LAPTOP-EKCAP48F" name="com.jayanthi.selenium.businesscript.ClearTrip" tests="2" failures="0" timestamp="21 Jan 2018 13:26:00 GMT" time="61.939" errors="0">
  <testcase name="flights" time="39.475" classname="com.jayanthi.selenium.businesscript.ClearTrip"/>
  <testcase name="multiCities" time="22.464" classname="com.jayanthi.selenium.businesscript.ClearTrip"/>
</testsuite> <!-- com.jayanthi.selenium.businesscript.ClearTrip -->
